# JRE version: Java(TM) SE Runtime Environment (8.0_181-b13) (build 1.8.0_181-b13)
# Java VM: Java HotSpot(TM) 64-Bit Server VM (25.181-b13 mixed mode linux-amd64 compressed oops)
Heap:
 PSYoungGen      total 295936K, used 11752K [0x00000000dc900000, 0x00000000f6500000, 0x0000000100000000)
  eden space 278016K, 0% used [0x00000000dc900000,0x00000000dc900000,0x00000000ed880000)
  from space 17920K, 65% used [0x00000000ed880000,0x00000000ee3fa168,0x00000000eea00000)
  to   space 18432K, 0% used [0x00000000f5300000,0x00000000f5300000,0x00000000f6500000)
 ParOldGen       total 66560K, used 29846K [0x0000000095a00000, 0x0000000099b00000, 0x00000000dc900000)
  object space 66560K, 44% used [0x0000000095a00000,0x0000000097725940,0x0000000099b00000)
 Metaspace       used 56511K, capacity 58967K, committed 59028K, reserved 1099776K
  class space    used 7448K, capacity 7896K, committed 7896K, reserved 1048576K
GC Heap History (10 events):
Event: 7,680 GC heap after
Heap after GC invocations=9 (full 1):
 PSYoungGen      total 204800K, used 9696K [0x00000000dc900000, 0x00000000ea180000, 0x0000000100000000)
  eden space 195072K, 0% used [0x00000000dc900000,0x00000000dc900000,0x00000000e8780000)
  from space 9728K, 99% used [0x00000000e9480000,0x00000000e9df8088,0x00000000e9e00000)
  to   space 13312K, 0% used [0x00000000e8780000,0x00000000e8780000,0x00000000e9480000)
 ParOldGen       total 40960K, used 10098K [0x0000000095a00000, 0x0000000098200000, 0x00000000dc900000)
  object space 40960K, 24% used [0x0000000095a00000,0x00000000963dc8a0,0x0000000098200000)
 Metaspace       used 31674K, capacity 33200K, committed 33408K, reserved 1079296K
  class space    used 4107K, capacity 4385K, committed 4480K, reserved 1048576K
}
Event: 8,320 GC heap before
{Heap before GC invocations=10 (full 1):
 PSYoungGen      total 204800K, used 91362K [0x00000000dc900000, 0x00000000ea180000, 0x0000000100000000)
  eden space 195072K, 41% used [0x00000000dc900000,0x00000000e18c09b0,0x00000000e8780000)
  from space 9728K, 99% used [0x00000000e9480000,0x00000000e9df8088,0x00000000e9e00000)
  to   space 13312K, 0% used [0x00000000e8780000,0x00000000e8780000,0x00000000e9480000)
 ParOldGen       total 40960K, used 10098K [0x0000000095a00000, 0x0000000098200000, 0x00000000dc900000)
  object space 40960K, 24% used [0x0000000095a00000,0x00000000963dc8a0,0x0000000098200000)
 Metaspace       used 33729K, capacity 35262K, committed 35416K, reserved 1079296K
  class space    used 4328K, capacity 4618K, committed 4696K, reserved 1048576K
Event: 8,375 GC heap after
Heap after GC invocations=10 (full 1):
 PSYoungGen      total 208384K, used 11850K [0x00000000dc900000, 0x00000000efb80000, 0x0000000100000000)
  eden space 195072K, 0% used [0x00000000dc900000,0x00000000dc900000,0x00000000e8780000)
  from space 13312K, 89% used [0x00000000e8780000,0x00000000e9312ab0,0x00000000e9480000)
  to   space 14848K, 0% used [0x00000000eed00000,0x00000000eed00000,0x00000000efb80000)
 ParOldGen       total 40960K, used 10106K [0x0000000095a00000, 0x0000000098200000, 0x00000000dc900000)
  object space 40960K, 24% used [0x0000000095a00000,0x00000000963de8a0,0x0000000098200000)
 Metaspace       used 33729K, capacity 35262K, committed 35416K, reserved 1079296K
  class space    used 4328K, capacity 4618K, committed 4696K, reserved 1048576K
}
Event: 8,375 GC heap before
{Heap before GC invocations=11 (full 2):
 PSYoungGen      total 208384K, used 11850K [0x00000000dc900000, 0x00000000efb80000, 0x0000000100000000)
  eden space 195072K, 0% used [0x00000000dc900000,0x00000000dc900000,0x00000000e8780000)
  from space 13312K, 89% used [0x00000000e8780000,0x00000000e9312ab0,0x00000000e9480000)
  to   space 14848K, 0% used [0x00000000eed00000,0x00000000eed00000,0x00000000efb80000)
 ParOldGen       total 40960K, used 10106K [0x0000000095a00000, 0x0000000098200000, 0x00000000dc900000)
  object space 40960K, 24% used [0x0000000095a00000,0x00000000963de8a0,0x0000000098200000)
 Metaspace       used 33729K, capacity 35262K, committed 35416K, reserved 1079296K
  class space    used 4328K, capacity 4618K, committed 4696K, reserved 1048576K
Event: 8,523 GC heap after
Heap after GC invocations=11 (full 2):
 PSYoungGen      total 208384K, used 0K [0x00000000dc900000, 0x00000000efb80000, 0x0000000100000000)
  eden space 195072K, 0% used [0x00000000dc900000,0x00000000dc900000,0x00000000e8780000)
  from space 13312K, 0% used [0x00000000e8780000,0x00000000e8780000,0x00000000e9480000)
  to   space 14848K, 0% used [0x00000000eed00000,0x00000000eed00000,0x00000000efb80000)
 ParOldGen       total 66560K, used 20837K [0x0000000095a00000, 0x0000000099b00000, 0x00000000dc900000)
  object space 66560K, 31% used [0x0000000095a00000,0x0000000096e59778,0x0000000099b00000)
 Metaspace       used 33729K, capacity 35262K, committed 35416K, reserved 1079296K
  class space    used 4328K, capacity 4618K, committed 4696K, reserved 1048576K
}
Event: 10,667 GC heap before
{Heap before GC invocations=12 (full 2):
 PSYoungGen      total 208384K, used 195072K [0x00000000dc900000, 0x00000000efb80000, 0x0000000100000000)
  eden space 195072K, 100% used [0x00000000dc900000,0x00000000e8780000,0x00000000e8780000)
  from space 13312K, 0% used [0x00000000e8780000,0x00000000e8780000,0x00000000e9480000)
  to   space 14848K, 0% used [0x00000000eed00000,0x00000000eed00000,0x00000000efb80000)
 ParOldGen       total 66560K, used 20837K [0x0000000095a00000, 0x0000000099b00000, 0x00000000dc900000)
  object space 66560K, 31% used [0x0000000095a00000,0x0000000096e59778,0x0000000099b00000)
 Metaspace       used 49225K, capacity 51202K, committed 51544K, reserved 1093632K
  class space    used 6520K, capacity 6890K, committed 7000K, reserved 1048576K
Event: 10,697 GC heap after
Heap after GC invocations=12 (full 2):
 PSYoungGen      total 292864K, used 14831K [0x00000000dc900000, 0x00000000efb80000, 0x0000000100000000)
  eden space 278016K, 0% used [0x00000000dc900000,0x00000000dc900000,0x00000000ed880000)
  from space 14848K, 99% used [0x00000000eed00000,0x00000000efb7bff0,0x00000000efb80000)
  to   space 17920K, 0% used [0x00000000ed880000,0x00000000ed880000,0x00000000eea00000)
 ParOldGen       total 66560K, used 23637K [0x0000000095a00000, 0x0000000099b00000, 0x00000000dc900000)
  object space 66560K, 35% used [0x0000000095a00000,0x0000000097115750,0x0000000099b00000)
 Metaspace       used 49225K, capacity 51202K, committed 51544K, reserved 1093632K
  class space    used 6520K, capacity 6890K, committed 7000K, reserved 1048576K
}
Event: 157,043 GC heap before
{Heap before GC invocations=13 (full 2):
 PSYoungGen      total 292864K, used 209076K [0x00000000dc900000, 0x00000000efb80000, 0x0000000100000000)
  eden space 278016K, 69% used [0x00000000dc900000,0x00000000e86b1148,0x00000000ed880000)
  from space 14848K, 99% used [0x00000000eed00000,0x00000000efb7bff0,0x00000000efb80000)
  to   space 17920K, 0% used [0x00000000ed880000,0x00000000ed880000,0x00000000eea00000)
 ParOldGen       total 66560K, used 23637K [0x0000000095a00000, 0x0000000099b00000, 0x00000000dc900000)
  object space 66560K, 35% used [0x0000000095a00000,0x0000000097115750,0x0000000099b00000)
 Metaspace       used 56511K, capacity 58967K, committed 59028K, reserved 1099776K
  class space    used 7448K, capacity 7896K, committed 7896K, reserved 1048576K
Event: 157,124 GC heap after
Heap after GC invocations=13 (full 2):
 PSYoungGen      total 295936K, used 11752K [0x00000000dc900000, 0x00000000f6500000, 0x0000000100000000)
  eden space 278016K, 0% used [0x00000000dc900000,0x00000000dc900000,0x00000000ed880000)
  from space 17920K, 65% used [0x00000000ed880000,0x00000000ee3fa168,0x00000000eea00000)
  to   space 18432K, 0% used [0x00000000f5300000,0x00000000f5300000,0x00000000f6500000)
 ParOldGen       total 66560K, used 29846K [0x0000000095a00000, 0x0000000099b00000, 0x00000000dc900000)
  object space 66560K, 44% used [0x0000000095a00000,0x0000000097725940,0x0000000099b00000)
 Metaspace       used 56511K, capacity 58967K, committed 59028K, reserved 1099776K
  class space    used 7448K, capacity 7896K, committed 7896K, reserved 1048576K
}
Event: 157,124 GC heap before
{Heap before GC invocations=14 (full 3):
 PSYoungGen      total 295936K, used 11752K [0x00000000dc900000, 0x00000000f6500000, 0x0000000100000000)
  eden space 278016K, 0% used [0x00000000dc900000,0x00000000dc900000,0x00000000ed880000)
  from space 17920K, 65% used [0x00000000ed880000,0x00000000ee3fa168,0x00000000eea00000)
  to   space 18432K, 0% used [0x00000000f5300000,0x00000000f5300000,0x00000000f6500000)
 ParOldGen       total 66560K, used 29846K [0x0000000095a00000, 0x0000000099b00000, 0x00000000dc900000)
  object space 66560K, 44% used [0x0000000095a00000,0x0000000097725940,0x0000000099b00000)
 Metaspace       used 56511K, capacity 58967K, committed 59028K, reserved 1099776K
  class space    used 7448K, capacity 7896K, committed 7896K, reserved 1048576K

