# JRE version: Java(TM) SE Runtime Environment (8.0_181-b13) (build 1.8.0_181-b13)
# Java VM: Java HotSpot(TM) 64-Bit Server VM (25.181-b13 mixed mode linux-amd64 compressed oops)
Heap:
 PSYoungGen      total 59904K, used 41583K [0x00000000dc900000, 0x00000000e3e00000, 0x0000000100000000)
  eden space 55296K, 66% used [0x00000000dc900000,0x00000000ded1d5e8,0x00000000dff00000)
  from space 4608K, 99% used [0x00000000dff00000,0x00000000e037e980,0x00000000e0380000)
  to   space 4608K, 0% used [0x00000000e3980000,0x00000000e3980000,0x00000000e3e00000)
 ParOldGen       total 73728K, used 2209K [0x0000000095a00000, 0x000000009a200000, 0x00000000dc900000)
  object space 73728K, 2% used [0x0000000095a00000,0x0000000095c28690,0x000000009a200000)
 Metaspace       used 18552K, capacity 19100K, committed 19200K, reserved 1067008K
  class space    used 2359K, capacity 2532K, committed 2560K, reserved 1048576K
GC Heap History (6 events):
Event: 1,626 GC heap before
{Heap before GC invocations=1 (full 0):
 PSYoungGen      total 32256K, used 27648K [0x00000000dc900000, 0x00000000ded00000, 0x0000000100000000)
  eden space 27648K, 100% used [0x00000000dc900000,0x00000000de400000,0x00000000de400000)
  from space 4608K, 0% used [0x00000000de880000,0x00000000de880000,0x00000000ded00000)
  to   space 4608K, 0% used [0x00000000de400000,0x00000000de400000,0x00000000de880000)
 ParOldGen       total 73728K, used 0K [0x0000000095a00000, 0x000000009a200000, 0x00000000dc900000)
  object space 73728K, 0% used [0x0000000095a00000,0x0000000095a00000,0x000000009a200000)
 Metaspace       used 8019K, capacity 8178K, committed 8448K, reserved 1056768K
  class space    used 929K, capacity 1003K, committed 1024K, reserved 1048576K
Event: 1,649 GC heap after
Heap after GC invocations=1 (full 0):
 PSYoungGen      total 32256K, used 4100K [0x00000000dc900000, 0x00000000e0800000, 0x0000000100000000)
  eden space 27648K, 0% used [0x00000000dc900000,0x00000000dc900000,0x00000000de400000)
  from space 4608K, 88% used [0x00000000de400000,0x00000000de8012c8,0x00000000de880000)
  to   space 4608K, 0% used [0x00000000e0380000,0x00000000e0380000,0x00000000e0800000)
 ParOldGen       total 73728K, used 8K [0x0000000095a00000, 0x000000009a200000, 0x00000000dc900000)
  object space 73728K, 0% used [0x0000000095a00000,0x0000000095a02000,0x000000009a200000)
 Metaspace       used 8019K, capacity 8178K, committed 8448K, reserved 1056768K
  class space    used 929K, capacity 1003K, committed 1024K, reserved 1048576K
}
Event: 1,765 GC heap before
{Heap before GC invocations=2 (full 0):
 PSYoungGen      total 32256K, used 31748K [0x00000000dc900000, 0x00000000e0800000, 0x0000000100000000)
  eden space 27648K, 100% used [0x00000000dc900000,0x00000000de400000,0x00000000de400000)
  from space 4608K, 88% used [0x00000000de400000,0x00000000de8012c8,0x00000000de880000)
  to   space 4608K, 0% used [0x00000000e0380000,0x00000000e0380000,0x00000000e0800000)
 ParOldGen       total 73728K, used 8K [0x0000000095a00000, 0x000000009a200000, 0x00000000dc900000)
  object space 73728K, 0% used [0x0000000095a00000,0x0000000095a02000,0x000000009a200000)
 Metaspace       used 8150K, capacity 8354K, committed 8576K, reserved 1056768K
  class space    used 950K, capacity 1039K, committed 1152K, reserved 1048576K
Event: 1,777 GC heap after
Heap after GC invocations=2 (full 0):
 PSYoungGen      total 59904K, used 2100K [0x00000000dc900000, 0x00000000e0800000, 0x0000000100000000)
  eden space 55296K, 0% used [0x00000000dc900000,0x00000000dc900000,0x00000000dff00000)
  from space 4608K, 45% used [0x00000000e0380000,0x00000000e058d2b0,0x00000000e0800000)
  to   space 4608K, 0% used [0x00000000dff00000,0x00000000dff00000,0x00000000e0380000)
 ParOldGen       total 73728K, used 16K [0x0000000095a00000, 0x000000009a200000, 0x00000000dc900000)
  object space 73728K, 0% used [0x0000000095a00000,0x0000000095a04000,0x000000009a200000)
 Metaspace       used 8150K, capacity 8354K, committed 8576K, reserved 1056768K
  class space    used 950K, capacity 1039K, committed 1152K, reserved 1048576K
}
Event: 2,869 GC heap before
{Heap before GC invocations=3 (full 0):
 PSYoungGen      total 59904K, used 57396K [0x00000000dc900000, 0x00000000e0800000, 0x0000000100000000)
  eden space 55296K, 100% used [0x00000000dc900000,0x00000000dff00000,0x00000000dff00000)
  from space 4608K, 45% used [0x00000000e0380000,0x00000000e058d2b0,0x00000000e0800000)
  to   space 4608K, 0% used [0x00000000dff00000,0x00000000dff00000,0x00000000e0380000)
 ParOldGen       total 73728K, used 16K [0x0000000095a00000, 0x000000009a200000, 0x00000000dc900000)
  object space 73728K, 0% used [0x0000000095a00000,0x0000000095a04000,0x000000009a200000)
 Metaspace       used 13891K, capacity 14388K, committed 14592K, reserved 1062912K
  class space    used 1808K, capacity 1948K, committed 2048K, reserved 1048576K
Event: 2,907 GC heap after
Heap after GC invocations=3 (full 0):
 PSYoungGen      total 59904K, used 4602K [0x00000000dc900000, 0x00000000e3e00000, 0x0000000100000000)
  eden space 55296K, 0% used [0x00000000dc900000,0x00000000dc900000,0x00000000dff00000)
  from space 4608K, 99% used [0x00000000dff00000,0x00000000e037e980,0x00000000e0380000)
  to   space 4608K, 0% used [0x00000000e3980000,0x00000000e3980000,0x00000000e3e00000)
 ParOldGen       total 73728K, used 2209K [0x0000000095a00000, 0x000000009a200000, 0x00000000dc900000)
  object space 73728K, 2% used [0x0000000095a00000,0x0000000095c28690,0x000000009a200000)
 Metaspace       used 13891K, capacity 14388K, committed 14592K, reserved 1062912K
  class space    used 1808K, capacity 1948K, committed 2048K, reserved 1048576K
}

