# JRE version: Java(TM) SE Runtime Environment (8.0_181-b13) (build 1.8.0_181-b13)
# Java VM: Java HotSpot(TM) 64-Bit Server VM (25.181-b13 mixed mode linux-amd64 compressed oops)
Heap:
 PSYoungGen      total 231424K, used 204134K [0x00000000dc900000, 0x00000000ece80000, 0x0000000100000000)
  eden space 219136K, 87% used [0x00000000dc900000,0x00000000e8485000,0x00000000e9f00000)
  from space 12288K, 98% used [0x00000000ec280000,0x00000000ece54a78,0x00000000ece80000)
  to   space 15360K, 0% used [0x00000000eb080000,0x00000000eb080000,0x00000000ebf80000)
 ParOldGen       total 68608K, used 16662K [0x0000000095a00000, 0x0000000099d00000, 0x00000000dc900000)
  object space 68608K, 24% used [0x0000000095a00000,0x0000000096a45ab0,0x0000000099d00000)
 Metaspace       used 52278K, capacity 54492K, committed 54704K, reserved 1097728K
  class space    used 6841K, capacity 7269K, committed 7344K, reserved 1048576K
GC Heap History (10 events):
Event: 8,355 GC heap before
{Heap before GC invocations=8 (full 1):
 PSYoungGen      total 100352K, used 100267K [0x00000000dc900000, 0x00000000e4300000, 0x0000000100000000)
  eden space 96256K, 100% used [0x00000000dc900000,0x00000000e2700000,0x00000000e2700000)
  from space 4096K, 97% used [0x00000000e3f00000,0x00000000e42eadf8,0x00000000e4300000)
  to   space 9728K, 0% used [0x00000000e3000000,0x00000000e3000000,0x00000000e3980000)
 ParOldGen       total 48640K, used 9709K [0x0000000095a00000, 0x0000000098980000, 0x00000000dc900000)
  object space 48640K, 19% used [0x0000000095a00000,0x000000009637b688,0x0000000098980000)
 Metaspace       used 27545K, capacity 28520K, committed 28592K, reserved 1075200K
  class space    used 3507K, capacity 3725K, committed 3760K, reserved 1048576K
Event: 8,371 GC heap after
Heap after GC invocations=8 (full 1):
 PSYoungGen      total 115200K, used 7601K [0x00000000dc900000, 0x00000000e7d80000, 0x0000000100000000)
  eden space 105472K, 0% used [0x00000000dc900000,0x00000000dc900000,0x00000000e3000000)
  from space 9728K, 78% used [0x00000000e3000000,0x00000000e376c458,0x00000000e3980000)
  to   space 10240K, 0% used [0x00000000e7380000,0x00000000e7380000,0x00000000e7d80000)
 ParOldGen       total 48640K, used 9781K [0x0000000095a00000, 0x0000000098980000, 0x00000000dc900000)
  object space 48640K, 20% used [0x0000000095a00000,0x000000009638d698,0x0000000098980000)
 Metaspace       used 27545K, capacity 28520K, committed 28592K, reserved 1075200K
  class space    used 3507K, capacity 3725K, committed 3760K, reserved 1048576K
}
Event: 10,227 GC heap before
{Heap before GC invocations=9 (full 1):
 PSYoungGen      total 115200K, used 113030K [0x00000000dc900000, 0x00000000e7d80000, 0x0000000100000000)
  eden space 105472K, 99% used [0x00000000dc900000,0x00000000e2ff5598,0x00000000e3000000)
  from space 9728K, 78% used [0x00000000e3000000,0x00000000e376c458,0x00000000e3980000)
  to   space 10240K, 0% used [0x00000000e7380000,0x00000000e7380000,0x00000000e7d80000)
 ParOldGen       total 48640K, used 9781K [0x0000000095a00000, 0x0000000098980000, 0x00000000dc900000)
  object space 48640K, 20% used [0x0000000095a00000,0x000000009638d698,0x0000000098980000)
 Metaspace       used 33053K, capacity 34622K, committed 34736K, reserved 1079296K
  class space    used 4212K, capacity 4514K, committed 4528K, reserved 1048576K
Event: 10,261 GC heap after
Heap after GC invocations=9 (full 1):
 PSYoungGen      total 171008K, used 10209K [0x00000000dc900000, 0x00000000e9280000, 0x0000000100000000)
  eden space 160768K, 0% used [0x00000000dc900000,0x00000000dc900000,0x00000000e6600000)
  from space 10240K, 99% used [0x00000000e7380000,0x00000000e7d78428,0x00000000e7d80000)
  to   space 13824K, 0% used [0x00000000e6600000,0x00000000e6600000,0x00000000e7380000)
 ParOldGen       total 48640K, used 13781K [0x0000000095a00000, 0x0000000098980000, 0x00000000dc900000)
  object space 48640K, 28% used [0x0000000095a00000,0x00000000967757e0,0x0000000098980000)
 Metaspace       used 33053K, capacity 34622K, committed 34736K, reserved 1079296K
  class space    used 4212K, capacity 4514K, committed 4528K, reserved 1048576K
}
Event: 10,426 GC heap before
{Heap before GC invocations=10 (full 1):
 PSYoungGen      total 171008K, used 26687K [0x00000000dc900000, 0x00000000e9280000, 0x0000000100000000)
  eden space 160768K, 10% used [0x00000000dc900000,0x00000000dd917af0,0x00000000e6600000)
  from space 10240K, 99% used [0x00000000e7380000,0x00000000e7d78428,0x00000000e7d80000)
  to   space 13824K, 0% used [0x00000000e6600000,0x00000000e6600000,0x00000000e7380000)
 ParOldGen       total 48640K, used 13781K [0x0000000095a00000, 0x0000000098980000, 0x00000000dc900000)
  object space 48640K, 28% used [0x0000000095a00000,0x00000000967757e0,0x0000000098980000)
 Metaspace       used 33770K, capacity 35254K, committed 35496K, reserved 1081344K
  class space    used 4286K, capacity 4550K, committed 4656K, reserved 1048576K
Event: 10,448 GC heap after
Heap after GC invocations=10 (full 1):
 PSYoungGen      total 174592K, used 9051K [0x00000000dc900000, 0x00000000ed000000, 0x0000000100000000)
  eden space 160768K, 0% used [0x00000000dc900000,0x00000000dc900000,0x00000000e6600000)
  from space 13824K, 65% used [0x00000000e6600000,0x00000000e6ed6d70,0x00000000e7380000)
  to   space 13824K, 0% used [0x00000000ec280000,0x00000000ec280000,0x00000000ed000000)
 ParOldGen       total 48640K, used 15733K [0x0000000095a00000, 0x0000000098980000, 0x00000000dc900000)
  object space 48640K, 32% used [0x0000000095a00000,0x000000009695d7f0,0x0000000098980000)
 Metaspace       used 33770K, capacity 35254K, committed 35496K, reserved 1081344K
  class space    used 4286K, capacity 4550K, committed 4656K, reserved 1048576K
}
Event: 10,448 GC heap before
{Heap before GC invocations=11 (full 2):
 PSYoungGen      total 174592K, used 9051K [0x00000000dc900000, 0x00000000ed000000, 0x0000000100000000)
  eden space 160768K, 0% used [0x00000000dc900000,0x00000000dc900000,0x00000000e6600000)
  from space 13824K, 65% used [0x00000000e6600000,0x00000000e6ed6d70,0x00000000e7380000)
  to   space 13824K, 0% used [0x00000000ec280000,0x00000000ec280000,0x00000000ed000000)
 ParOldGen       total 48640K, used 15733K [0x0000000095a00000, 0x0000000098980000, 0x00000000dc900000)
  object space 48640K, 32% used [0x0000000095a00000,0x000000009695d7f0,0x0000000098980000)
 Metaspace       used 33770K, capacity 35254K, committed 35496K, reserved 1081344K
  class space    used 4286K, capacity 4550K, committed 4656K, reserved 1048576K
Event: 10,624 GC heap after
Heap after GC invocations=11 (full 2):
 PSYoungGen      total 174592K, used 0K [0x00000000dc900000, 0x00000000ed000000, 0x0000000100000000)
  eden space 160768K, 0% used [0x00000000dc900000,0x00000000dc900000,0x00000000e6600000)
  from space 13824K, 0% used [0x00000000e6600000,0x00000000e6600000,0x00000000e7380000)
  to   space 13824K, 0% used [0x00000000ec280000,0x00000000ec280000,0x00000000ed000000)
 ParOldGen       total 68608K, used 16654K [0x0000000095a00000, 0x0000000099d00000, 0x00000000dc900000)
  object space 68608K, 24% used [0x0000000095a00000,0x0000000096a43ab0,0x0000000099d00000)
 Metaspace       used 33770K, capacity 35254K, committed 35496K, reserved 1081344K
  class space    used 4286K, capacity 4550K, committed 4656K, reserved 1048576K
}
Event: 13,428 GC heap before
{Heap before GC invocations=12 (full 2):
 PSYoungGen      total 174592K, used 160768K [0x00000000dc900000, 0x00000000ed000000, 0x0000000100000000)
  eden space 160768K, 100% used [0x00000000dc900000,0x00000000e6600000,0x00000000e6600000)
  from space 13824K, 0% used [0x00000000e6600000,0x00000000e6600000,0x00000000e7380000)
  to   space 13824K, 0% used [0x00000000ec280000,0x00000000ec280000,0x00000000ed000000)
 ParOldGen       total 68608K, used 16654K [0x0000000095a00000, 0x0000000099d00000, 0x00000000dc900000)
  object space 68608K, 24% used [0x0000000095a00000,0x0000000096a43ab0,0x0000000099d00000)
 Metaspace       used 44698K, capacity 46336K, committed 46640K, reserved 1089536K
  class space    used 5790K, capacity 6097K, committed 6192K, reserved 1048576K
Event: 13,449 GC heap after
Heap after GC invocations=12 (full 2):
 PSYoungGen      total 231424K, used 12114K [0x00000000dc900000, 0x00000000ece80000, 0x0000000100000000)
  eden space 219136K, 0% used [0x00000000dc900000,0x00000000dc900000,0x00000000e9f00000)
  from space 12288K, 98% used [0x00000000ec280000,0x00000000ece54a78,0x00000000ece80000)
  to   space 15360K, 0% used [0x00000000eb080000,0x00000000eb080000,0x00000000ebf80000)
 ParOldGen       total 68608K, used 16662K [0x0000000095a00000, 0x0000000099d00000, 0x00000000dc900000)
  object space 68608K, 24% used [0x0000000095a00000,0x0000000096a45ab0,0x0000000099d00000)
 Metaspace       used 44698K, capacity 46336K, committed 46640K, reserved 1089536K
  class space    used 5790K, capacity 6097K, committed 6192K, reserved 1048576K
}

